===================================================================================================
read_write_race_0.cu / device_global:

-----------------------
num_elements: 4
grid: 1 1 1
thread: 2 1 1
gklee: 343     tool: 29
-----------------------

-----------------------
num_elements: 100
grid: 1 1 1
thread: 20 1 1
gklee: 540     tool: 66
-----------------------

-----------------------
num_elements: 200
grid: 1 1 1
thread: 128 1 1
gklee: 930     tool: 280
-----------------------

-----------------------
num_elements: 200
grid: 2 1 1
thread: 128 1 1
gklee: 1052     tool: 508
-----------------------

===================================================================================================
